{"/Users/sunjianming/Desktop/github/webpack/mr_b_w/lib/webpack.base.js":{"path":"/Users/sunjianming/Desktop/github/webpack/mr_b_w/lib/webpack.base.js","s":{"1":1,"2":1,"3":1,"4":1,"5":1,"6":1,"7":1,"8":1,"9":1,"10":1,"11":1,"12":1,"13":1,"14":1,"15":2,"16":2,"17":2,"18":1,"19":1,"20":1},"b":{"1":[0,1]},"f":{"1":1},"fnMap":{"1":{"name":"setMPA","line":16,"loc":{"start":{"line":16,"column":0},"end":{"line":16,"column":18}}}},"statementMap":{"1":{"start":{"line":1,"column":0},"end":{"line":1,"column":29}},"2":{"start":{"line":2,"column":0},"end":{"line":2,"column":64}},"3":{"start":{"line":3,"column":0},"end":{"line":3,"column":63}},"4":{"start":{"line":4,"column":0},"end":{"line":4,"column":57}},"5":{"start":{"line":5,"column":0},"end":{"line":5,"column":78}},"6":{"start":{"line":6,"column":0},"end":{"line":6,"column":29}},"7":{"start":{"line":7,"column":0},"end":{"line":7,"column":35}},"8":{"start":{"line":9,"column":0},"end":{"line":9,"column":34}},"9":{"start":{"line":10,"column":0},"end":{"line":15,"column":2}},"10":{"start":{"line":16,"column":0},"end":{"line":38,"column":1}},"11":{"start":{"line":17,"column":2},"end":{"line":17,"column":19}},"12":{"start":{"line":18,"column":2},"end":{"line":18,"column":32}},"13":{"start":{"line":19,"column":2},"end":{"line":19,"column":82}},"14":{"start":{"line":20,"column":2},"end":{"line":36,"column":5}},"15":{"start":{"line":21,"column":4},"end":{"line":21,"column":47}},"16":{"start":{"line":22,"column":4},"end":{"line":22,"column":28}},"17":{"start":{"line":23,"column":4},"end":{"line":35,"column":8}},"18":{"start":{"line":37,"column":2},"end":{"line":37,"column":39}},"19":{"start":{"line":39,"column":0},"end":{"line":39,"column":47}},"20":{"start":{"line":40,"column":0},"end":{"line":85,"column":2}}},"branchMap":{"1":{"line":10,"type":"cond-expr","locations":[{"start":{"line":10,"column":59},"end":{"line":10,"column":73}},{"start":{"line":10,"column":76},"end":{"line":15,"column":1}}]}}}}